  test.cpp
C:\Users\liyuc\Desktop\git\lyc1\每日一题\每日一题\test.cpp(3085,3): error C3873:  “0xa0”: 不允许将此字符作为标识符的第一个字符
C:\Users\liyuc\Desktop\git\lyc1\每日一题\每日一题\test.cpp(3085,6): error C3873:  “0xa0”: 不允许将此字符作为标识符的第一个字符
C:\Users\liyuc\Desktop\git\lyc1\每日一题\每日一题\test.cpp(3085,62): error C3873:  “0xa0”: 不允许将此字符作为标识符的第一个字符
C:\Users\liyuc\Desktop\git\lyc1\每日一题\每日一题\test.cpp(3085,3): error C2065:  “ ”: 未声明的标识符
C:\Users\liyuc\Desktop\git\lyc1\每日一题\每日一题\test.cpp(3085,6): error C2146:  语法错误: 缺少“;”(在标识符“ ”的前面)
C:\Users\liyuc\Desktop\git\lyc1\每日一题\每日一题\test.cpp(3085,65): error C3873:  “0xa0”: 不允许将此字符作为标识符的第一个字符
C:\Users\liyuc\Desktop\git\lyc1\每日一题\每日一题\test.cpp(3085,6): error C2065:  “ ”: 未声明的标识符
C:\Users\liyuc\Desktop\git\lyc1\每日一题\每日一题\test.cpp(3085,62): error C2146:  语法错误: 缺少“;”(在标识符“ ”的前面)
C:\Users\liyuc\Desktop\git\lyc1\每日一题\每日一题\test.cpp(3085,62): error C2065:  “ ”: 未声明的标识符
C:\Users\liyuc\Desktop\git\lyc1\每日一题\每日一题\test.cpp(3085,65): error C2146:  语法错误: 缺少“;”(在标识符“ ”的前面)
C:\Users\liyuc\Desktop\git\lyc1\每日一题\每日一题\test.cpp(3085,65): error C2065:  “ ”: 未声明的标识符
C:\Users\liyuc\Desktop\git\lyc1\每日一题\每日一题\test.cpp(3086,3): error C2146:  语法错误: 缺少“;”(在标识符“nroot”的前面)
C:\Users\liyuc\Desktop\git\lyc1\每日一题\每日一题\test.cpp(3090,4): error C3873:  “0xa0”: 不允许将此字符作为标识符的第一个字符
C:\Users\liyuc\Desktop\git\lyc1\每日一题\每日一题\test.cpp(3090,7): error C3873:  “0xa0”: 不允许将此字符作为标识符的第一个字符
C:\Users\liyuc\Desktop\git\lyc1\每日一题\每日一题\test.cpp(3090,10): error C3873:  “0xa0”: 不允许将此字符作为标识符的第一个字符
C:\Users\liyuc\Desktop\git\lyc1\每日一题\每日一题\test.cpp(3090,4): error C2065:  “ ”: 未声明的标识符
C:\Users\liyuc\Desktop\git\lyc1\每日一题\每日一题\test.cpp(3090,7): error C2146:  语法错误: 缺少“;”(在标识符“ ”的前面)
C:\Users\liyuc\Desktop\git\lyc1\每日一题\每日一题\test.cpp(3090,7): error C2065:  “ ”: 未声明的标识符
C:\Users\liyuc\Desktop\git\lyc1\每日一题\每日一题\test.cpp(3090,10): error C2146:  语法错误: 缺少“;”(在标识符“ ”的前面)
C:\Users\liyuc\Desktop\git\lyc1\每日一题\每日一题\test.cpp(3090,10): error C2065:  “ ”: 未声明的标识符
C:\Users\liyuc\Desktop\git\lyc1\每日一题\每日一题\test.cpp(3091,3): error C2146:  语法错误: 缺少“;”(在标识符“nroot”的前面)
C:\Users\liyuc\Desktop\git\lyc1\每日一题\每日一题\test.cpp(3092,4): error C3873:  “0xa0”: 不允许将此字符作为标识符的第一个字符
C:\Users\liyuc\Desktop\git\lyc1\每日一题\每日一题\test.cpp(3092,4): error C2065:  “ ”: 未声明的标识符
C:\Users\liyuc\Desktop\git\lyc1\每日一题\每日一题\test.cpp(3093,2): error C2143:  语法错误: 缺少“;”(在“return”的前面)
C:\Users\liyuc\Desktop\git\lyc1\每日一题\每日一题\test.cpp(3096,3): error C3873:  “0xa0”: 不允许将此字符作为标识符的第一个字符
C:\Users\liyuc\Desktop\git\lyc1\每日一题\每日一题\test.cpp(3096,3): error C2065:  “ ”: 未声明的标识符
C:\Users\liyuc\Desktop\git\lyc1\每日一题\每日一题\test.cpp(3097,7): error C2143:  语法错误: 缺少“;”(在“std::string”的前面)
C:\Users\liyuc\Desktop\git\lyc1\每日一题\每日一题\test.cpp(3097,22): error C3873:  “0xa0”: 不允许将此字符作为标识符的第一个字符
C:\Users\liyuc\Desktop\git\lyc1\每日一题\每日一题\test.cpp(3097,22): error C2065:  “ ”: 未声明的标识符
C:\Users\liyuc\Desktop\git\lyc1\每日一题\每日一题\test.cpp(3098,2): error C2143:  语法错误: 缺少“;”(在“while”的前面)
C:\Users\liyuc\Desktop\git\lyc1\每日一题\每日一题\test.cpp(3099,4): error C3873:  “0xa0”: 不允许将此字符作为标识符的第一个字符
C:\Users\liyuc\Desktop\git\lyc1\每日一题\每日一题\test.cpp(3099,7): error C3873:  “0xa0”: 不允许将此字符作为标识符的第一个字符
C:\Users\liyuc\Desktop\git\lyc1\每日一题\每日一题\test.cpp(3099,10): error C3873:  “0xa0”: 不允许将此字符作为标识符的第一个字符
C:\Users\liyuc\Desktop\git\lyc1\每日一题\每日一题\test.cpp(3099,4): error C2065:  “ ”: 未声明的标识符
C:\Users\liyuc\Desktop\git\lyc1\每日一题\每日一题\test.cpp(3099,7): error C2146:  语法错误: 缺少“;”(在标识符“ ”的前面)
C:\Users\liyuc\Desktop\git\lyc1\每日一题\每日一题\test.cpp(3099,7): error C2065:  “ ”: 未声明的标识符
C:\Users\liyuc\Desktop\git\lyc1\每日一题\每日一题\test.cpp(3099,10): error C2146:  语法错误: 缺少“;”(在标识符“ ”的前面)
C:\Users\liyuc\Desktop\git\lyc1\每日一题\每日一题\test.cpp(3099,10): error C2065:  “ ”: 未声明的标识符
C:\Users\liyuc\Desktop\git\lyc1\每日一题\每日一题\test.cpp(3100,3): error C2144:  语法错误:“int”的前面应有“;”
C:\Users\liyuc\Desktop\git\lyc1\每日一题\每日一题\test.cpp(3100,16): error C3873:  “0xa0”: 不允许将此字符作为标识符的第一个字符
C:\Users\liyuc\Desktop\git\lyc1\每日一题\每日一题\test.cpp(3100,19): error C3873:  “0xa0”: 不允许将此字符作为标识符的第一个字符
C:\Users\liyuc\Desktop\git\lyc1\每日一题\每日一题\test.cpp(3100,16): error C2065:  “ ”: 未声明的标识符
C:\Users\liyuc\Desktop\git\lyc1\每日一题\每日一题\test.cpp(3100,19): error C2146:  语法错误: 缺少“;”(在标识符“ ”的前面)
C:\Users\liyuc\Desktop\git\lyc1\每日一题\每日一题\test.cpp(3100,19): error C2065:  “ ”: 未声明的标识符
C:\Users\liyuc\Desktop\git\lyc1\每日一题\每日一题\test.cpp(3102,3): error C2143:  语法错误: 缺少“;”(在“for”的前面)
C:\Users\liyuc\Desktop\git\lyc1\每日一题\每日一题\test.cpp(3102,21): warning C4018:  “<”: 有符号/无符号不匹配
C:\Users\liyuc\Desktop\git\lyc1\每日一题\每日一题\test.cpp(3103,5): error C3873:  “0xa0”: 不允许将此字符作为标识符的第一个字符
C:\Users\liyuc\Desktop\git\lyc1\每日一题\每日一题\test.cpp(3103,8): error C3873:  “0xa0”: 不允许将此字符作为标识符的第一个字符
C:\Users\liyuc\Desktop\git\lyc1\每日一题\每日一题\test.cpp(3103,11): error C3873:  “0xa0”: 不允许将此字符作为标识符的第一个字符
C:\Users\liyuc\Desktop\git\lyc1\每日一题\每日一题\test.cpp(3103,5): error C2065:  “ ”: 未声明的标识符
C:\Users\liyuc\Desktop\git\lyc1\每日一题\每日一题\test.cpp(3103,8): error C2146:  语法错误: 缺少“;”(在标识符“ ”的前面)
C:\Users\liyuc\Desktop\git\lyc1\每日一题\每日一题\test.cpp(3103,8): error C2065:  “ ”: 未声明的标识符
C:\Users\liyuc\Desktop\git\lyc1\每日一题\每日一题\test.cpp(3103,11): error C2146:  语法错误: 缺少“;”(在标识符“ ”的前面)
C:\Users\liyuc\Desktop\git\lyc1\每日一题\每日一题\test.cpp(3103,11): error C2065:  “ ”: 未声明的标识符
C:\Users\liyuc\Desktop\git\lyc1\每日一题\每日一题\test.cpp(3104,4): error C2146:  语法错误: 缺少“;”(在标识符“sum”的前面)
C:\Users\liyuc\Desktop\git\lyc1\每日一题\每日一题\test.cpp(3104,28): error C3873:  “0xa0”: 不允许将此字符作为标识符的第一个字符
C:\Users\liyuc\Desktop\git\lyc1\每日一题\每日一题\test.cpp(3104,28): error C2065:  “ ”: 未声明的标识符
C:\Users\liyuc\Desktop\git\lyc1\每日一题\每日一题\test.cpp(3105,3): error C2143:  语法错误: 缺少“;”(在“}”的前面)
C:\Users\liyuc\Desktop\git\lyc1\每日一题\每日一题\test.cpp(3105,5): error C3873:  “0xa0”: 不允许将此字符作为标识符的第一个字符
C:\Users\liyuc\Desktop\git\lyc1\每日一题\每日一题\test.cpp(3105,9): error C3873:  “0xa0”: 不允许将此字符作为标识符的第一个字符
C:\Users\liyuc\Desktop\git\lyc1\每日一题\每日一题\test.cpp(3105,12): error C3873:  “0xa0”: 不允许将此字符作为标识符的第一个字符
C:\Users\liyuc\Desktop\git\lyc1\每日一题\每日一题\test.cpp(3105,5): error C2065:  “ ”: 未声明的标识符
C:\Users\liyuc\Desktop\git\lyc1\每日一题\每日一题\test.cpp(3105,9): error C2146:  语法错误: 缺少“;”(在标识符“ ”的前面)
C:\Users\liyuc\Desktop\git\lyc1\每日一题\每日一题\test.cpp(3105,15): error C3873:  “0xa0”: 不允许将此字符作为标识符的第一个字符
C:\Users\liyuc\Desktop\git\lyc1\每日一题\每日一题\test.cpp(3105,9): error C2065:  “ ”: 未声明的标识符
C:\Users\liyuc\Desktop\git\lyc1\每日一题\每日一题\test.cpp(3105,12): error C2146:  语法错误: 缺少“;”(在标识符“ ”的前面)
C:\Users\liyuc\Desktop\git\lyc1\每日一题\每日一题\test.cpp(3105,12): error C2065:  “ ”: 未声明的标识符
C:\Users\liyuc\Desktop\git\lyc1\每日一题\每日一题\test.cpp(3105,15): error C2146:  语法错误: 缺少“;”(在标识符“ ”的前面)
C:\Users\liyuc\Desktop\git\lyc1\每日一题\每日一题\test.cpp(3105,15): error C2065:  “ ”: 未声明的标识符
C:\Users\liyuc\Desktop\git\lyc1\每日一题\每日一题\test.cpp(3107,8): error C2143:  语法错误: 缺少“;”(在“std::cout”的前面)
C:\Users\liyuc\Desktop\git\lyc1\每日一题\每日一题\test.cpp(3108,4): error C3873:  “0xa0”: 不允许将此字符作为标识符的第一个字符
C:\Users\liyuc\Desktop\git\lyc1\每日一题\每日一题\test.cpp(3108,4): error C2065:  “ ”: 未声明的标识符
C:\Users\liyuc\Desktop\git\lyc1\每日一题\每日一题\test.cpp(3109,2): error C2143:  语法错误: 缺少“;”(在“return”的前面)
